<?xml version="1.0" encoding="UTF-8"?>
<testsuite name="StudentRegistrationSystem.CourseProgrammeTest" tests="9" skipped="0" failures="0" errors="0" timestamp="2021-10-25T14:23:59" hostname="LAPTOP-U519UIFA" time="0.247">
  <properties/>
  <testcase name="testGetEnrolledStudents" classname="StudentRegistrationSystem.CourseProgrammeTest" time="0.005"/>
  <testcase name="testSetAcademicStartDate" classname="StudentRegistrationSystem.CourseProgrammeTest" time="0.2"/>
  <testcase name="testSetModules" classname="StudentRegistrationSystem.CourseProgrammeTest" time="0.005"/>
  <testcase name="testGetAcademicStartDate" classname="StudentRegistrationSystem.CourseProgrammeTest" time="0.005"/>
  <testcase name="testGetAcademicEndDate" classname="StudentRegistrationSystem.CourseProgrammeTest" time="0.006"/>
  <testcase name="testSetCourseName" classname="StudentRegistrationSystem.CourseProgrammeTest" time="0.003"/>
  <testcase name="testSetAcademicEndDate" classname="StudentRegistrationSystem.CourseProgrammeTest" time="0.004"/>
  <testcase name="testSetEnrolledStudents" classname="StudentRegistrationSystem.CourseProgrammeTest" time="0.002"/>
  <testcase name="testGetModules" classname="StudentRegistrationSystem.CourseProgrammeTest" time="0.004"/>
  <system-out><![CDATA[** CourseProgrammeTest: testGetEnrolledStudents
** CourseProgrammeTest: testSetAcademicStartDate
** CourseProgrammeTest: testSetModules
** CourseProgrammeTest: testGetAcademicStartDate
** CourseProgrammeTest: testGetAcademicEndDate
** CourseProgrammeTest: testSetCourseName
** CourseProgrammeTest: testSetAcademicEndDate
** CourseProgrammeTest: testSetEnrolledStudents
** CourseProgrammeTest: testGetModules
]]></system-out>
  <system-err><![CDATA[]]></system-err>
</testsuite>
