<?xml version="1.0" encoding="UTF-8"?>
<testsuite name="StudentRegistrationSystem.ModuleTest" tests="8" skipped="0" failures="0" errors="0" timestamp="2021-10-25T14:23:59" hostname="LAPTOP-U519UIFA" time="0.009">
  <properties/>
  <testcase name="testGetId" classname="StudentRegistrationSystem.ModuleTest" time="0.001"/>
  <testcase name="testSetId" classname="StudentRegistrationSystem.ModuleTest" time="0.001"/>
  <testcase name="testSetStudents" classname="StudentRegistrationSystem.ModuleTest" time="0.0"/>
  <testcase name="testSetCourses" classname="StudentRegistrationSystem.ModuleTest" time="0.001"/>
  <testcase name="testGetStudents" classname="StudentRegistrationSystem.ModuleTest" time="0.002"/>
  <testcase name="testGetModuleName" classname="StudentRegistrationSystem.ModuleTest" time="0.001"/>
  <testcase name="testGetCourses" classname="StudentRegistrationSystem.ModuleTest" time="0.001"/>
  <testcase name="testSetModuleName" classname="StudentRegistrationSystem.ModuleTest" time="0.0"/>
  <system-out><![CDATA[** ModuleTest: testGetId
** ModuleTest: testSetId
** ModuleTest: testSetStudents
** ModuleTest: testSetCourses
** ModuleTest: testGetStudents
** ModuleTest: testGetModuleName
** ModuleTest: testGetCourses
** ModuleTest: testSetModuleName
]]></system-out>
  <system-err><![CDATA[]]></system-err>
</testsuite>
