<?xml version="1.0" encoding="UTF-8"?>
<testsuite name="StudentRegistrationSystem.StudentTest" tests="13" skipped="0" failures="0" errors="0" timestamp="2021-10-25T14:23:58" hostname="LAPTOP-U519UIFA" time="0.111">
  <properties/>
  <testcase name="testGetId" classname="StudentRegistrationSystem.StudentTest" time="0.017"/>
  <testcase name="testSetId" classname="StudentRegistrationSystem.StudentTest" time="0.0"/>
  <testcase name="testSetCourses" classname="StudentRegistrationSystem.StudentTest" time="0.003"/>
  <testcase name="testSetModules" classname="StudentRegistrationSystem.StudentTest" time="0.004"/>
  <testcase name="testGetName" classname="StudentRegistrationSystem.StudentTest" time="0.0"/>
  <testcase name="testGetUsername" classname="StudentRegistrationSystem.StudentTest" time="0.075"/>
  <testcase name="testGetCourses" classname="StudentRegistrationSystem.StudentTest" time="0.0"/>
  <testcase name="testGetAge" classname="StudentRegistrationSystem.StudentTest" time="0.0"/>
  <testcase name="testGetDob" classname="StudentRegistrationSystem.StudentTest" time="0.005"/>
  <testcase name="testGetModules" classname="StudentRegistrationSystem.StudentTest" time="0.0"/>
  <testcase name="testSetName" classname="StudentRegistrationSystem.StudentTest" time="0.0"/>
  <testcase name="testSetAge" classname="StudentRegistrationSystem.StudentTest" time="0.001"/>
  <testcase name="testSetDob" classname="StudentRegistrationSystem.StudentTest" time="0.001"/>
  <system-out><![CDATA[** StudentTest: testGetId
** StudentTest: testSetId
** StudentTest: testSetCourses
** StudentTest: testSetModules
** StudentTest: testGetName
** StudentTest: testGetUsername()
** StudentTest: testGetCourses
** StudentTest: testGetAge
** StudentTest: testGetDob
** StudentTest: testGetModules
** StudentTest: testSetName
** StudentTest: testSetAge
** StudentTest: testSetDob
]]></system-out>
  <system-err><![CDATA[]]></system-err>
</testsuite>
